<?xml version="1.0" encoding="UTF-8"?>
<testsuite xmlns:xsi="http://www.w3.org/2001/XMLSchema-instance" xsi:noNamespaceSchemaLocation="https://maven.apache.org/surefire/maven-surefire-plugin/xsd/surefire-test-report-3.0.xsd" version="3.0" name="org.acme.GreetingResourceTest" time="98.655" tests="1" errors="0" skipped="0" failures="0">
  <properties>
[...]
</properties>
  <testcase name="testHelloEndpoint" classname="org.acme.GreetingResourceTest" time="1.243">
    <system-out><![CDATA[2026-06-30 08:39:36,251 INFO  [org.tes.DockerClientFactory] (build-28) Testcontainers version: 1.20.6
2026-06-30 08:39:36,458 INFO  [org.tes.doc.DockerClientProviderStrategy] (build-28) Loaded org.testcontainers.dockerclient.UnixSocketClientProviderStrategy from ~/.testcontainers.properties, will try it first
2026-06-30 08:39:36,817 INFO  [org.tes.doc.DockerClientProviderStrategy] (build-28) Found Docker environment with local Unix socket (unix:///var/run/docker.sock)
2026-06-30 08:39:36,819 INFO  [org.tes.DockerClientFactory] (build-28) Docker host IP address is localhost
2026-06-30 08:39:36,837 INFO  [org.tes.DockerClientFactory] (build-28) Connected to docker: 
  Server Version: 29.1.3
  API Version: 1.52
  Operating System: Ubuntu 26.04 LTS
  Total Memory: 32087 MB
2026-06-30 08:39:36,853 INFO  [org.tes.ima.PullPolicy] (build-28) Image pull policy will be performed by: DefaultPullPolicy()
2026-06-30 08:39:36,856 INFO  [org.tes.uti.ImageNameSubstitutor] (build-28) Image name substitution will be performed by: DefaultImageNameSubstitutor (composite of 'ConfigurationFileImageNameSubstitutor' and 'PrefixingImageNameSubstitutor')
2026-06-30 08:39:36,863 INFO  [org.tes.DockerClientFactory] (build-28) Checking the system...
2026-06-30 08:39:36,864 INFO  [org.tes.DockerClientFactory] (build-28) ✔︎ Docker server version should be at least 1.6.0
2026-06-30 08:39:36,875 INFO  [io.qua.obs.dep.ObservabilityDevServiceProcessor] (build-28) Dev Service Lgtm properties override: {quarkus.otel.metric.export.interval=10s, quarkus.otel.bsp.schedule.delay=3s, quarkus.otel.blrp.schedule.delay=1s}
2026-06-30 08:39:36,892 INFO  [io.qua.obs.tes.LgtmContainer] (build-28) Starting LGTM ...
2026-06-30 08:39:37,274 INFO  [tc.doc.io/.9.0] (build-28) Pulling docker image: docker.io/grafana/otel-lgtm:0.9.0. Please be patient; this may take some time but only needs to be done once.
2026-06-30 08:39:38,244 INFO  [tc.doc.io/.9.0] (docker-java-stream--1631197073) Starting to pull image
2026-06-30 08:39:38,269 INFO  [tc.doc.io/.9.0] (docker-java-stream--1631197073) Pulling image layers:  0 pending,  0 downloaded,  0 extracted, (0 bytes/0 bytes)
2026-06-30 08:39:39,711 INFO  [tc.doc.io/.9.0] (docker-java-stream--1631197073) Pulling image layers: 26 pending,  1 downloaded,  0 extracted, (0 bytes/? MB)
2026-06-30 08:39:39,809 INFO  [tc.doc.io/.9.0] (docker-java-stream--1631197073) Pulling image layers: 25 pending,  2 downloaded,  0 extracted, (0 bytes/? MB)
2026-06-30 08:39:39,811 INFO  [tc.doc.io/.9.0] (docker-java-stream--1631197073) Pulling image layers: 24 pending,  3 downloaded,  0 extracted, (2 KB/? MB)
2026-06-30 08:39:39,811 INFO  [tc.doc.io/.9.0] (docker-java-stream--1631197073) Pulling image layers: 24 pending,  4 downloaded,  0 extracted, (2 KB/? MB)
2026-06-30 08:39:39,812 INFO  [tc.doc.io/.9.0] (docker-java-stream--1631197073) Pulling image layers: 23 pending,  5 downloaded,  0 extracted, (2 KB/? MB)
2026-06-30 08:39:39,812 INFO  [tc.doc.io/.9.0] (docker-java-stream--1631197073) Pulling image layers: 22 pending,  6 downloaded,  0 extracted, (2 KB/? MB)
2026-06-30 08:39:39,813 INFO  [tc.doc.io/.9.0] (docker-java-stream--1631197073) Pulling image layers: 21 pending,  7 downloaded,  0 extracted, (2 KB/? MB)
2026-06-30 08:39:39,813 INFO  [tc.doc.io/.9.0] (docker-java-stream--1631197073) Pulling image layers: 20 pending,  8 downloaded,  0 extracted, (2 KB/? MB)
2026-06-30 08:39:39,814 INFO  [tc.doc.io/.9.0] (docker-java-stream--1631197073) Pulling image layers: 19 pending,  9 downloaded,  0 extracted, (2 KB/? MB)
2026-06-30 08:39:39,814 INFO  [tc.doc.io/.9.0] (docker-java-stream--1631197073) Pulling image layers: 18 pending, 10 downloaded,  0 extracted, (2 KB/? MB)
2026-06-30 08:39:39,909 INFO  [tc.doc.io/.9.0] (docker-java-stream--1631197073) Pulling image layers: 17 pending, 11 downloaded,  0 extracted, (2 KB/? MB)
2026-06-30 08:39:39,910 INFO  [tc.doc.io/.9.0] (docker-java-stream--1631197073) Pulling image layers: 16 pending, 12 downloaded,  0 extracted, (2 KB/? MB)
2026-06-30 08:39:39,910 INFO  [tc.doc.io/.9.0] (docker-java-stream--1631197073) Pulling image layers: 15 pending, 13 downloaded,  0 extracted, (2 KB/? MB)
2026-06-30 08:39:39,911 INFO  [tc.doc.io/.9.0] (docker-java-stream--1631197073) Pulling image layers: 14 pending, 14 downloaded,  0 extracted, (2 KB/? MB)
2026-06-30 08:39:39,911 INFO  [tc.doc.io/.9.0] (docker-java-stream--1631197073) Pulling image layers: 13 pending, 15 downloaded,  0 extracted, (2 KB/? MB)
2026-06-30 08:39:39,912 INFO  [tc.doc.io/.9.0] (docker-java-stream--1631197073) Pulling image layers: 12 pending, 16 downloaded,  0 extracted, (2 KB/? MB)
2026-06-30 08:39:39,912 INFO  [tc.doc.io/.9.0] (docker-java-stream--1631197073) Pulling image layers: 11 pending, 17 downloaded,  0 extracted, (2 KB/? MB)
2026-06-30 08:39:39,913 INFO  [tc.doc.io/.9.0] (docker-java-stream--1631197073) Pulling image layers: 10 pending, 18 downloaded,  0 extracted, (2 KB/? MB)
2026-06-30 08:39:39,913 INFO  [tc.doc.io/.9.0] (docker-java-stream--1631197073) Pulling image layers:  9 pending, 19 downloaded,  0 extracted, (2 KB/? MB)
2026-06-30 08:39:39,914 INFO  [tc.doc.io/.9.0] (docker-java-stream--1631197073) Pulling image layers:  8 pending, 20 downloaded,  0 extracted, (2 KB/? MB)
2026-06-30 08:39:40,609 INFO  [tc.doc.io/.9.0] (docker-java-stream--1631197073) Pulling image layers:  7 pending, 21 downloaded,  0 extracted, (34 MB/? MB)
2026-06-30 08:39:41,509 INFO  [tc.doc.io/.9.0] (docker-java-stream--1631197073) Pulling image layers:  6 pending, 22 downloaded,  0 extracted, (202 MB/? MB)
2026-06-30 08:39:42,709 INFO  [tc.doc.io/.9.0] (docker-java-stream--1631197073) Pulling image layers:  5 pending, 23 downloaded,  0 extracted, (362 MB/? MB)
2026-06-30 08:39:43,209 INFO  [tc.doc.io/.9.0] (docker-java-stream--1631197073) Pulling image layers:  4 pending, 24 downloaded,  0 extracted, (424 MB/? MB)
2026-06-30 08:39:43,610 INFO  [tc.doc.io/.9.0] (docker-java-stream--1631197073) Pulling image layers:  3 pending, 25 downloaded,  0 extracted, (464 MB/? MB)
2026-06-30 08:39:44,219 INFO  [tc.doc.io/.9.0] (docker-java-stream--1631197073) Pulling image layers:  2 pending, 26 downloaded,  0 extracted, (482 MB/? MB)
2026-06-30 08:39:45,237 INFO  [tc.doc.io/.9.0] (docker-java-stream--1631197073) Pulling image layers:  1 pending, 27 downloaded,  0 extracted, (495 MB/? MB)
2026-06-30 08:39:47,066 INFO  [tc.doc.io/.9.0] (docker-java-stream--1631197073) Pulling image layers:  1 pending, 27 downloaded,  1 extracted, (495 MB/? MB)
2026-06-30 08:39:47,140 INFO  [tc.doc.io/.9.0] (docker-java-stream--1631197073) Pulling image layers:  1 pending, 27 downloaded,  2 extracted, (495 MB/? MB)
2026-06-30 08:39:47,188 INFO  [tc.doc.io/.9.0] (docker-java-stream--1631197073) Pulling image layers:  1 pending, 27 downloaded,  3 extracted, (495 MB/? MB)
2026-06-30 08:39:47,192 INFO  [tc.doc.io/.9.0] (docker-java-stream--1631197073) Pulling image layers:  1 pending, 27 downloaded,  4 extracted, (495 MB/? MB)
2026-06-30 08:39:47,274 INFO  [tc.doc.io/.9.0] (docker-java-stream--1631197073) Pulling image layers:  1 pending, 27 downloaded,  5 extracted, (495 MB/? MB)
2026-06-30 08:39:51,598 INFO  [tc.doc.io/.9.0] (docker-java-stream--1631197073) Pulling image layers:  1 pending, 27 downloaded,  6 extracted, (495 MB/? MB)
2026-06-30 08:39:53,039 INFO  [tc.doc.io/.9.0] (docker-java-stream--1631197073) Pulling image layers:  1 pending, 27 downloaded,  7 extracted, (495 MB/? MB)
2026-06-30 08:39:53,798 INFO  [tc.doc.io/.9.0] (docker-java-stream--1631197073) Pulling image layers:  1 pending, 27 downloaded,  8 extracted, (495 MB/? MB)
2026-06-30 08:39:54,397 INFO  [tc.doc.io/.9.0] (docker-java-stream--1631197073) Pulling image layers:  1 pending, 27 downloaded,  9 extracted, (495 MB/? MB)
2026-06-30 08:39:55,997 INFO  [tc.doc.io/.9.0] (docker-java-stream--1631197073) Pulling image layers:  1 pending, 27 downloaded, 10 extracted, (495 MB/? MB)
2026-06-30 08:39:56,024 INFO  [tc.doc.io/.9.0] (docker-java-stream--1631197073) Pulling image layers:  1 pending, 27 downloaded, 11 extracted, (495 MB/? MB)
2026-06-30 08:39:56,038 INFO  [tc.doc.io/.9.0] (docker-java-stream--1631197073) Pulling image layers:  1 pending, 27 downloaded, 12 extracted, (495 MB/? MB)
2026-06-30 08:39:56,047 INFO  [tc.doc.io/.9.0] (docker-java-stream--1631197073) Pulling image layers:  1 pending, 27 downloaded, 13 extracted, (495 MB/? MB)
2026-06-30 08:39:56,051 INFO  [tc.doc.io/.9.0] (docker-java-stream--1631197073) Pulling image layers:  1 pending, 27 downloaded, 14 extracted, (495 MB/? MB)
2026-06-30 08:39:56,054 INFO  [tc.doc.io/.9.0] (docker-java-stream--1631197073) Pulling image layers:  1 pending, 27 downloaded, 15 extracted, (495 MB/? MB)
2026-06-30 08:39:56,063 INFO  [tc.doc.io/.9.0] (docker-java-stream--1631197073) Pulling image layers:  1 pending, 27 downloaded, 16 extracted, (495 MB/? MB)
2026-06-30 08:39:56,119 INFO  [tc.doc.io/.9.0] (docker-java-stream--1631197073) Pulling image layers:  1 pending, 27 downloaded, 17 extracted, (495 MB/? MB)
2026-06-30 08:39:56,132 INFO  [tc.doc.io/.9.0] (docker-java-stream--1631197073) Pulling image layers:  1 pending, 27 downloaded, 18 extracted, (495 MB/? MB)
2026-06-30 08:39:56,145 INFO  [tc.doc.io/.9.0] (docker-java-stream--1631197073) Pulling image layers:  1 pending, 27 downloaded, 19 extracted, (495 MB/? MB)
2026-06-30 08:39:56,153 INFO  [tc.doc.io/.9.0] (docker-java-stream--1631197073) Pulling image layers:  1 pending, 27 downloaded, 20 extracted, (495 MB/? MB)
2026-06-30 08:39:56,157 INFO  [tc.doc.io/.9.0] (docker-java-stream--1631197073) Pulling image layers:  1 pending, 27 downloaded, 21 extracted, (495 MB/? MB)
2026-06-30 08:39:56,217 INFO  [tc.doc.io/.9.0] (docker-java-stream--1631197073) Pulling image layers:  1 pending, 27 downloaded, 22 extracted, (495 MB/? MB)
2026-06-30 08:39:56,221 INFO  [tc.doc.io/.9.0] (docker-java-stream--1631197073) Pulling image layers:  1 pending, 27 downloaded, 23 extracted, (495 MB/? MB)
2026-06-30 08:39:56,229 INFO  [tc.doc.io/.9.0] (docker-java-stream--1631197073) Pulling image layers:  1 pending, 27 downloaded, 24 extracted, (495 MB/? MB)
2026-06-30 08:39:56,232 INFO  [tc.doc.io/.9.0] (docker-java-stream--1631197073) Pulling image layers:  1 pending, 27 downloaded, 25 extracted, (495 MB/? MB)
2026-06-30 08:39:56,239 INFO  [tc.doc.io/.9.0] (docker-java-stream--1631197073) Pulling image layers:  1 pending, 27 downloaded, 26 extracted, (495 MB/? MB)
2026-06-30 08:39:56,255 INFO  [tc.doc.io/.9.0] (docker-java-stream--1631197073) Pulling image layers:  1 pending, 27 downloaded, 27 extracted, (495 MB/? MB)
2026-06-30 08:39:56,258 INFO  [tc.doc.io/.9.0] (docker-java-stream--1631197073) Pull complete. 28 layers, pulled in 18s (downloaded 495 MB at 27 MB/s)
2026-06-30 08:39:56,258 INFO  [tc.doc.io/.9.0] (build-28) Image docker.io/grafana/otel-lgtm:0.9.0 pull took PT18.98306049S
2026-06-30 08:39:56,343 INFO  [tc.doc.io/.9.0] (build-28) Creating container for image: docker.io/grafana/otel-lgtm:0.9.0
2026-06-30 08:39:56,353 INFO  [tc.tes.11.0] (build-28) Pulling docker image: testcontainers/ryuk:0.11.0. Please be patient; this may take some time but only needs to be done once.
2026-06-30 08:39:57,285 INFO  [tc.tes.11.0] (docker-java-stream-1397170683) Starting to pull image
2026-06-30 08:39:57,285 INFO  [tc.tes.11.0] (docker-java-stream-1397170683) Pulling image layers:  0 pending,  0 downloaded,  0 extracted, (0 bytes/0 bytes)
2026-06-30 08:39:57,783 INFO  [tc.tes.11.0] (docker-java-stream-1397170683) Pulling image layers:  2 pending,  1 downloaded,  0 extracted, (1 MB/? MB)
2026-06-30 08:39:57,881 INFO  [tc.tes.11.0] (docker-java-stream-1397170683) Pulling image layers:  1 pending,  2 downloaded,  0 extracted, (1 MB/? MB)
2026-06-30 08:39:57,882 INFO  [tc.tes.11.0] (docker-java-stream-1397170683) Pulling image layers:  0 pending,  3 downloaded,  0 extracted, (1 MB/6 MB)
2026-06-30 08:39:57,996 INFO  [tc.tes.11.0] (docker-java-stream-1397170683) Pulling image layers:  0 pending,  3 downloaded,  1 extracted, (1 MB/6 MB)
2026-06-30 08:39:58,088 INFO  [tc.tes.11.0] (docker-java-stream-1397170683) Pulling image layers:  0 pending,  3 downloaded,  2 extracted, (1 MB/6 MB)
2026-06-30 08:39:58,093 INFO  [tc.tes.11.0] (docker-java-stream-1397170683) Pulling image layers:  0 pending,  3 downloaded,  3 extracted, (1 MB/6 MB)
2026-06-30 08:39:58,108 INFO  [tc.tes.11.0] (build-28) Image testcontainers/ryuk:0.11.0 pull took PT1.755086279S
2026-06-30 08:39:58,150 INFO  [tc.tes.11.0] (build-28) Creating container for image: testcontainers/ryuk:0.11.0
2026-06-30 08:40:05,612 INFO  [tc.tes.11.0] (build-28) Container testcontainers/ryuk:0.11.0 is starting: 4865ed53864a6bcb9d2b0c6133662d48772c8a35cdcc7425eedee01ff3aaadec
2026-06-30 08:40:06,017 INFO  [tc.tes.11.0] (build-28) Container testcontainers/ryuk:0.11.0 started in PT7.866711138S
2026-06-30 08:40:06,259 INFO  [tc.doc.io/.9.0] (build-28) Container docker.io/grafana/otel-lgtm:0.9.0 is starting: f456fd63d3e3435a219be13de544c95f660e4e468c155d8fad7f76224c6e6880
2026-06-30 08:40:06,536 INFO  [io.qua.obs.tes.LgtmContainer] (docker-java-stream-1732508827) [LGTM] STDOUT: Running Grafana v11.5.2 logging=false
2026-06-30 08:40:06,541 INFO  [io.qua.obs.tes.LgtmContainer] (docker-java-stream-1732508827) [LGTM] STDOUT: Running OpenTelemetry Collector v0.121.0 logging=false
2026-06-30 08:40:06,543 INFO  [io.qua.obs.tes.LgtmContainer] (docker-java-stream-1732508827) [LGTM] STDOUT: Running Loki v3.4.2 logging=false
2026-06-30 08:40:06,544 INFO  [io.qua.obs.tes.LgtmContainer] (docker-java-stream-1732508827) [LGTM] STDOUT: Running Prometheus v3.2.1 logging=false
2026-06-30 08:40:06,549 INFO  [io.qua.obs.tes.LgtmContainer] (docker-java-stream-1732508827) [LGTM] STDOUT: Running Tempo v2.7.1 logging=false
2026-06-30 08:40:06,655 INFO  [org.tes.con.wai.str.HttpWaitStrategy] (ducttape-0) /busy_elbakyan: Waiting for 180 seconds for URL: http://localhost:32870/ (where port 32870 maps to container port 3000)
2026-06-30 08:40:07,674 INFO  [io.qua.obs.tes.LgtmContainer] (docker-java-stream-1732508827) [LGTM] STDOUT: Prometheus is up and running. Startup time: 1 seconds
2026-06-30 08:40:10,867 INFO  [io.qua.obs.tes.LgtmContainer] (docker-java-stream-1732508827) [LGTM] STDOUT: Grafana is up and running. Startup time: 4 seconds
2026-06-30 08:40:23,414 INFO  [io.qua.obs.tes.LgtmContainer] (docker-java-stream-1732508827) [LGTM] STDOUT: Loki is up and running. Startup time: 17 seconds
2026-06-30 08:40:23,425 INFO  [io.qua.obs.tes.LgtmContainer] (docker-java-stream-1732508827) [LGTM] STDOUT: Tempo is up and running. Startup time: 17 seconds
2026-06-30 08:41:10,683 INFO  [io.qua.obs.tes.LgtmContainer] (docker-java-stream-1732508827) [LGTM] STDOUT: OpenTelemetry collector is up and running. Startup time: 64 seconds
2026-06-30 08:41:10,688 INFO  [io.qua.obs.tes.LgtmContainer] (docker-java-stream-1732508827) [LGTM] STDOUT: All components are up and running. (created /tmp/ready)
2026-06-30 08:41:10,688 INFO  [io.qua.obs.tes.LgtmContainer] (docker-java-stream-1732508827) [LGTM] STDOUT: Total startup time: 64 seconds
2026-06-30 08:41:10,688 INFO  [io.qua.obs.tes.LgtmContainer] (docker-java-stream-1732508827) [LGTM] STDOUT: Open ports:
2026-06-30 08:41:10,688 INFO  [io.qua.obs.tes.LgtmContainer] (docker-java-stream-1732508827) [LGTM] STDOUT:  - 4317: OpenTelemetry GRPC endpoint
2026-06-30 08:41:10,688 INFO  [io.qua.obs.tes.LgtmContainer] (docker-java-stream-1732508827) [LGTM] STDOUT:  - 4318: OpenTelemetry HTTP endpoint
2026-06-30 08:41:10,689 INFO  [io.qua.obs.tes.LgtmContainer] (docker-java-stream-1732508827) [LGTM] STDOUT:  - 3000: Grafana. User: admin, password: admin
2026-06-30 08:41:10,689 INFO  [io.qua.obs.tes.LgtmContainer] (docker-java-stream-1732508827) [LGTM] STDOUT: 
2026-06-30 08:41:10,689 INFO  [io.qua.obs.tes.LgtmContainer] (docker-java-stream-1732508827) [LGTM] STDOUT: Startup Time Summary:
2026-06-30 08:41:10,689 INFO  [io.qua.obs.tes.LgtmContainer] (docker-java-stream-1732508827) [LGTM] STDOUT: ---------------------
2026-06-30 08:41:10,689 INFO  [io.qua.obs.tes.LgtmContainer] (docker-java-stream-1732508827) [LGTM] STDOUT: Grafana: 4 seconds
2026-06-30 08:41:10,689 INFO  [io.qua.obs.tes.LgtmContainer] (docker-java-stream-1732508827) [LGTM] STDOUT: Loki: 17 seconds
2026-06-30 08:41:10,690 INFO  [io.qua.obs.tes.LgtmContainer] (docker-java-stream-1732508827) [LGTM] STDOUT: Prometheus: 1 seconds
2026-06-30 08:41:10,690 INFO  [io.qua.obs.tes.LgtmContainer] (docker-java-stream-1732508827) [LGTM] STDOUT: Tempo: 17 seconds
2026-06-30 08:41:10,690 INFO  [io.qua.obs.tes.LgtmContainer] (docker-java-stream-1732508827) [LGTM] STDOUT: OpenTelemetry collector: 64 seconds
2026-06-30 08:41:10,690 INFO  [io.qua.obs.tes.LgtmContainer] (docker-java-stream-1732508827) [LGTM] STDOUT: Total: 64 seconds
2026-06-30 08:41:10,695 INFO  [tc.doc.io/.9.0] (build-28) Container docker.io/grafana/otel-lgtm:0.9.0 started in PT1M14.351619635S
2026-06-30 08:41:10,695 INFO  [io.qua.obs.dep.ObservabilityDevServiceProcessor] (build-28) Dev Service Lgtm started, config: {grafana.endpoint=http://localhost:32870, otel-collector.url=localhost:32872}
2026-06-30 08:41:11,235 WARN  [io.qua.config] (main) Unrecognized configuration key "quarkus.otel.metric.export.interval" was provided; it will be ignored; verify that the dependency extension for this configuration is set or that you did not make a typo
2026-06-30 08:41:11,236 WARN  [io.qua.config] (main) Unrecognized configuration key "quarkus.datasource.jdbc.enable-metrics" was provided; it will be ignored; verify that the dependency extension for this configuration is set or that you did not make a typo
2026-06-30 08:41:11,236 WARN  [io.qua.config] (main) Unrecognized configuration key "quarkus.otel.bsp.schedule.delay" was provided; it will be ignored; verify that the dependency extension for this configuration is set or that you did not make a typo
2026-06-30 08:41:11,236 WARN  [io.qua.config] (main) Unrecognized configuration key "quarkus.otel.blrp.schedule.delay" was provided; it will be ignored; verify that the dependency extension for this configuration is set or that you did not make a typo
2026-06-30 08:41:11,637 INFO  [io.quarkus] (main) micrometer-lgtm 1.0-SNAPSHOT on JVM (powered by Quarkus 3.21.3) started in 96.818s. Listening on: http://localhost:8081
2026-06-30 08:41:11,638 INFO  [io.quarkus] (main) Profile test activated. 
2026-06-30 08:41:11,638 INFO  [io.quarkus] (main) Installed features: [cdi, micrometer, observability, rest, rest-jackson, smallrye-context-propagation, vertx]
]]></system-out>
  </testcase>
</testsuite>